<?xml version="1.0" encoding="UTF-8"?>
<testng-results ignored="0" total="1" passed="1" failed="0" skipped="0">
  <reporter-output>
  </reporter-output>
  <suite started-at="2026-01-01T16:05:08 IST" name="Surefire suite" finished-at="2026-01-01T16:05:18 IST" duration-ms="10556">
    <groups>
    </groups>
    <test started-at="2026-01-01T16:05:08 IST" name="Surefire test" finished-at="2026-01-01T16:05:18 IST" duration-ms="10556">
      <class name="com.HollandandBarretTestCases.VerifyLoginHollandandBarretTest">
        <test-method signature="CheckValidUser()[pri:0, instance:com.HollandandBarretTestCases.VerifyLoginHollandandBarretTest@17a87e37]" started-at="2026-01-01T16:05:08 IST" name="CheckValidUser" finished-at="2026-01-01T16:05:18 IST" duration-ms="10374" status="PASS">
          <reporter-output>
          </reporter-output>
        </test-method> <!-- CheckValidUser -->
      </class> <!-- com.HollandandBarretTestCases.VerifyLoginHollandandBarretTest -->
    </test> <!-- Surefire test -->
  </suite> <!-- Surefire suite -->
</testng-results>
