<?xml version="1.0" encoding="UTF-8"?>
<!-- Generated by org.testng.reporters.JUnitReportReporter -->
<testsuite hostname="LP-TZD-0X139839" failures="0" tests="1" name="com.HollandandBarretTestCases.VerifyLoginHollandandBarretTest" time="8.598" errors="0" timestamp="2026-01-01T16:16:35 IST" skipped="0">
  <testcase classname="com.HollandandBarretTestCases.VerifyLoginHollandandBarretTest" name="CheckValidUser" time="8.598"/>
</testsuite> <!-- com.HollandandBarretTestCases.VerifyLoginHollandandBarretTest -->
