<?xml version="1.0" encoding="UTF-8"?>
<!-- Generated by org.testng.reporters.JUnitReportReporter -->
<testsuite hostname="LP-TZD-0X139839" failures="0" tests="1" name="com.HollandandBarretTestCases.VerifyLoginHollandandBarretTest" time="32.435" errors="0" timestamp="2025-12-30T23:41:11 IST" skipped="0">
  <testcase classname="com.HollandandBarretTestCases.VerifyLoginHollandandBarretTest" name="CheckValidUser" time="32.435"/>
</testsuite> <!-- com.HollandandBarretTestCases.VerifyLoginHollandandBarretTest -->
